<?xml version="1.0" encoding="UTF-8"?>
<!-- Generated by org.testng.reporters.JUnitReportReporter -->
<testsuite hostname="DESKTOP-05ECBNF" name="qai.login_gmail_runners.FirstRunner" tests="1" failures="0" timestamp="25 Nov 2019 10:07:03 GMT" time="5.407" errors="0">
  <testcase name="runScenario" time="5.407" classname="qai.login_gmail_runners.FirstRunner"/>
</testsuite> <!-- qai.login_gmail_runners.FirstRunner -->
