<?xml version="1.0" encoding="UTF-8"?>
<!-- Generated by org.testng.reporters.JUnitReportReporter -->
<testsuite hostname="DESKTOP-05ECBNF" name="qai.login_gmail_runners.FirstRunner" tests="1" failures="0" timestamp="27 Nov 2019 05:30:39 GMT" time="1.745" errors="0">
  <testcase name="runScenario" time="1.745" classname="qai.login_gmail_runners.FirstRunner"/>
</testsuite> <!-- qai.login_gmail_runners.FirstRunner -->
